<?xml version="1.0" encoding="UTF-8"?>
<!-- Generated by org.testng.reporters.JUnitXMLReporter -->
<testsuite ignored="0" hostname="vamsi" failures="0" tests="3" name="Test" time="44.56" errors="0" timestamp="2025-09-22T14:30:23 IST">
  <testcase classname="testCases.TC_AccountRegistrationTest" name="test_account_Registration" time="6.276"/>
  <testcase classname="testCases.TC_LoginTest" name="test_login" time="14.16"/>
  <testcase classname="testCases.TC_SearchProductTest" name="test_searchProduct" time="2.554"/>
</testsuite> <!-- Test -->
