<?xml version="1.0" encoding="UTF-8"?>
<testng-results ignored="0" total="2" passed="2" failed="0" skipped="0">
  <reporter-output>
  </reporter-output>
  <suite started-at="2025-09-21T21:55:13 IST" name="Suite" finished-at="2025-09-21T21:55:41 IST" duration-ms="28481">
    <groups>
      <group name="regression">
        <method signature="TC_AccountRegistrationTest.test_account_Registration()[pri:0, instance:testCases.TC_AccountRegistrationTest@3bf7ca37]" name="test_account_Registration" class="testCases.TC_AccountRegistrationTest"/>
      </group> <!-- regression -->
      <group name="sanity">
        <method signature="TC_LoginTest.test_login()[pri:0, instance:testCases.TC_LoginTest@26794848]" name="test_login" class="testCases.TC_LoginTest"/>
      </group> <!-- sanity -->
      <group name="master">
        <method signature="TC_AccountRegistrationTest.test_account_Registration()[pri:0, instance:testCases.TC_AccountRegistrationTest@3bf7ca37]" name="test_account_Registration" class="testCases.TC_AccountRegistrationTest"/>
        <method signature="TC_LoginTest.test_login()[pri:0, instance:testCases.TC_LoginTest@26794848]" name="test_login" class="testCases.TC_LoginTest"/>
      </group> <!-- master -->
    </groups>
    <test started-at="2025-09-21T21:55:13 IST" name="Test" finished-at="2025-09-21T21:55:41 IST" duration-ms="28481">
      <class name="testCases.TC_AccountRegistrationTest">
        <test-method is-config="true" signature="setup(java.lang.String,java.lang.String)[pri:0, instance:testCases.TC_AccountRegistrationTest@3bf7ca37]" started-at="2025-09-21T21:55:13 IST" name="setup" finished-at="2025-09-21T21:55:26 IST" duration-ms="12477" status="PASS">
          <params>
            <param index="0">
              <value>
                <![CDATA[Windows]]>
              </value>
            </param>
            <param index="1">
              <value>
                <![CDATA[chrome]]>
              </value>
            </param>
          </params>
          <reporter-output>
          </reporter-output>
        </test-method> <!-- setup -->
        <test-method signature="test_account_Registration()[pri:0, instance:testCases.TC_AccountRegistrationTest@3bf7ca37]" started-at="2025-09-21T21:55:26 IST" name="test_account_Registration" finished-at="2025-09-21T21:55:30 IST" duration-ms="4736" status="PASS">
          <reporter-output>
          </reporter-output>
        </test-method> <!-- test_account_Registration -->
        <test-method is-config="true" signature="tearDown()[pri:0, instance:testCases.TC_AccountRegistrationTest@3bf7ca37]" started-at="2025-09-21T21:55:30 IST" name="tearDown" finished-at="2025-09-21T21:55:31 IST" duration-ms="483" status="PASS">
          <reporter-output>
          </reporter-output>
        </test-method> <!-- tearDown -->
      </class> <!-- testCases.TC_AccountRegistrationTest -->
      <class name="testCases.TC_LoginTest">
        <test-method is-config="true" signature="setup(java.lang.String,java.lang.String)[pri:0, instance:testCases.TC_LoginTest@26794848]" started-at="2025-09-21T21:55:31 IST" name="setup" finished-at="2025-09-21T21:55:36 IST" duration-ms="5504" status="PASS">
          <params>
            <param index="0">
              <value>
                <![CDATA[Windows]]>
              </value>
            </param>
            <param index="1">
              <value>
                <![CDATA[chrome]]>
              </value>
            </param>
          </params>
          <reporter-output>
          </reporter-output>
        </test-method> <!-- setup -->
        <test-method signature="test_login()[pri:0, instance:testCases.TC_LoginTest@26794848]" started-at="2025-09-21T21:55:36 IST" name="test_login" finished-at="2025-09-21T21:55:41 IST" duration-ms="4169" status="PASS">
          <reporter-output>
          </reporter-output>
        </test-method> <!-- test_login -->
        <test-method is-config="true" signature="tearDown()[pri:0, instance:testCases.TC_LoginTest@26794848]" started-at="2025-09-21T21:55:41 IST" name="tearDown" finished-at="2025-09-21T21:55:41 IST" duration-ms="347" status="PASS">
          <reporter-output>
          </reporter-output>
        </test-method> <!-- tearDown -->
      </class> <!-- testCases.TC_LoginTest -->
    </test> <!-- Test -->
  </suite> <!-- Suite -->
</testng-results>
